<?xml version="1.0" encoding="UTF-8"?>
<testsuite xmlns:xsi="http://www.w3.org/2001/XMLSchema-instance" xsi:noNamespaceSchemaLocation="https://maven.apache.org/surefire/maven-surefire-plugin/xsd/surefire-test-report.xsd" name="com.jrest.JRest.JRestApiApplicationTests" time="0.001" tests="0" errors="0" skipped="0" failures="0">
  <properties>
    <property name="gopherProxySet" value="false"/>
    <property name="awt.toolkit" value="sun.lwawt.macosx.LWCToolkit"/>
    <property name="file.encoding.pkg" value="sun.io"/>
    <property name="java.specification.version" value="1.8"/>
    <property name="sun.cpu.isalist" value=""/>
    <property name="sun.jnu.encoding" value="UTF-8"/>
    <property name="java.class.path" value="/Users/jasontriche/Dropbox/springRest/target/test-classes:/Users/jasontriche/Dropbox/springRest/target/classes:/Users/jasontriche/.m2/repository/org/springframework/cloud/spring-cloud-starter-oauth2/2.0.0.M1/spring-cloud-starter-oauth2-2.0.0.M1.jar:/Users/jasontriche/.m2/repository/org/springframework/cloud/spring-cloud-starter-security/2.0.0.M1/spring-cloud-starter-security-2.0.0.M1.jar:/Users/jasontriche/.m2/repository/org/springframework/cloud/spring-cloud-starter/2.0.0.M4/spring-cloud-starter-2.0.0.M4.jar:/Users/jasontriche/.m2/repository/org/springframework/cloud/spring-cloud-context/2.0.0.M4/spring-cloud-context-2.0.0.M4.jar:/Users/jasontriche/.m2/repository/org/springframework/security/spring-security-crypto/5.0.0.RC1/spring-security-crypto-5.0.0.RC1.jar:/Users/jasontriche/.m2/repository/org/springframework/cloud/spring-cloud-commons/2.0.0.M4/spring-cloud-commons-2.0.0.M4.jar:/Users/jasontriche/.m2/repository/org/apache/httpcomponents/httpclient/4.5.3/httpclient-4.5.3.jar:/Users/jasontriche/.m2/repository/org/apache/httpcomponents/httpcore/4.4.8/httpcore-4.4.8.jar:/Users/jasontriche/.m2/repository/org/springframework/security/spring-security-rsa/1.0.5.RELEASE/spring-security-rsa-1.0.5.RELEASE.jar:/Users/jasontriche/.m2/repository/org/springframework/boot/spring-boot-starter-actuator/2.0.0.M6/spring-boot-starter-actuator-2.0.0.M6.jar:/Users/jasontriche/.m2/repository/org/springframework/boot/spring-boot-actuator-autoconfigure/2.0.0.M6/spring-boot-actuator-autoconfigure-2.0.0.M6.jar:/Users/jasontriche/.m2/repository/org/springframework/boot/spring-boot-actuator/2.0.0.M6/spring-boot-actuator-2.0.0.M6.jar:/Users/jasontriche/.m2/repository/io/micrometer/micrometer-core/1.0.0-rc.3/micrometer-core-1.0.0-rc.3.jar:/Users/jasontriche/.m2/repository/org/hdrhistogram/HdrHistogram/2.1.10/HdrHistogram-2.1.10.jar:/Users/jasontriche/.m2/repository/org/latencyutils/LatencyUtils/2.0.3/LatencyUtils-2.0.3.jar:/Users/jasontriche/.m2/repository/org/springframework/cloud/spring-cloud-security/2.0.0.M1/spring-cloud-security-2.0.0.M1.jar:/Users/jasontriche/.m2/repository/org/springframework/security/oauth/spring-security-oauth2/2.1.1.RELEASE/spring-security-oauth2-2.1.1.RELEASE.jar:/Users/jasontriche/.m2/repository/org/springframework/spring-beans/5.0.1.RELEASE/spring-beans-5.0.1.RELEASE.jar:/Users/jasontriche/.m2/repository/org/springframework/spring-core/5.0.1.RELEASE/spring-core-5.0.1.RELEASE.jar:/Users/jasontriche/.m2/repository/org/springframework/spring-context/5.0.1.RELEASE/spring-context-5.0.1.RELEASE.jar:/Users/jasontriche/.m2/repository/org/springframework/security/spring-security-core/5.0.0.RC1/spring-security-core-5.0.0.RC1.jar:/Users/jasontriche/.m2/repository/commons-codec/commons-codec/1.11/commons-codec-1.11.jar:/Users/jasontriche/.m2/repository/org/codehaus/jackson/jackson-mapper-asl/1.9.13/jackson-mapper-asl-1.9.13.jar:/Users/jasontriche/.m2/repository/org/codehaus/jackson/jackson-core-asl/1.9.13/jackson-core-asl-1.9.13.jar:/Users/jasontriche/.m2/repository/org/springframework/security/spring-security-jwt/1.0.8.RELEASE/spring-security-jwt-1.0.8.RELEASE.jar:/Users/jasontriche/.m2/repository/org/bouncycastle/bcpkix-jdk15on/1.56/bcpkix-jdk15on-1.56.jar:/Users/jasontriche/.m2/repository/org/bouncycastle/bcprov-jdk15on/1.56/bcprov-jdk15on-1.56.jar:/Users/jasontriche/.m2/repository/org/springframework/boot/spring-boot-starter-data-jpa/2.0.0.M6/spring-boot-starter-data-jpa-2.0.0.M6.jar:/Users/jasontriche/.m2/repository/org/springframework/boot/spring-boot-starter/2.0.0.M6/spring-boot-starter-2.0.0.M6.jar:/Users/jasontriche/.m2/repository/org/springframework/boot/spring-boot/2.0.0.M6/spring-boot-2.0.0.M6.jar:/Users/jasontriche/.m2/repository/org/springframework/boot/spring-boot-autoconfigure/2.0.0.M6/spring-boot-autoconfigure-2.0.0.M6.jar:/Users/jasontriche/.m2/repository/org/springframework/boot/spring-boot-starter-logging/2.0.0.M6/spring-boot-starter-logging-2.0.0.M6.jar:/Users/jasontriche/.m2/repository/ch/qos/logback/logback-classic/1.2.3/logback-classic-1.2.3.jar:/Users/jasontriche/.m2/repository/ch/qos/logback/logback-core/1.2.3/logback-core-1.2.3.jar:/Users/jasontriche/.m2/repository/org/apache/logging/log4j/log4j-to-slf4j/2.9.1/log4j-to-slf4j-2.9.1.jar:/Users/jasontriche/.m2/repository/org/apache/logging/log4j/log4j-api/2.9.1/log4j-api-2.9.1.jar:/Users/jasontriche/.m2/repository/org/slf4j/jul-to-slf4j/1.7.25/jul-to-slf4j-1.7.25.jar:/Users/jasontriche/.m2/repository/org/slf4j/log4j-over-slf4j/1.7.25/log4j-over-slf4j-1.7.25.jar:/Users/jasontriche/.m2/repository/javax/annotation/javax.annotation-api/1.3.1/javax.annotation-api-1.3.1.jar:/Users/jasontriche/.m2/repository/org/yaml/snakeyaml/1.19/snakeyaml-1.19.jar:/Users/jasontriche/.m2/repository/org/springframework/boot/spring-boot-starter-aop/2.0.0.M6/spring-boot-starter-aop-2.0.0.M6.jar:/Users/jasontriche/.m2/repository/org/aspectj/aspectjweaver/1.8.12/aspectjweaver-1.8.12.jar:/Users/jasontriche/.m2/repository/org/springframework/boot/spring-boot-starter-jdbc/2.0.0.M6/spring-boot-starter-jdbc-2.0.0.M6.jar:/Users/jasontriche/.m2/repository/com/zaxxer/HikariCP/2.7.2/HikariCP-2.7.2.jar:/Users/jasontriche/.m2/repository/org/springframework/spring-jdbc/5.0.1.RELEASE/spring-jdbc-5.0.1.RELEASE.jar:/Users/jasontriche/.m2/repository/org/hibernate/hibernate-core/5.2.12.Final/hibernate-core-5.2.12.Final.jar:/Users/jasontriche/.m2/repository/org/jboss/logging/jboss-logging/3.3.1.Final/jboss-logging-3.3.1.Final.jar:/Users/jasontriche/.m2/repository/org/hibernate/javax/persistence/hibernate-jpa-2.1-api/1.0.0.Final/hibernate-jpa-2.1-api-1.0.0.Final.jar:/Users/jasontriche/.m2/repository/org/javassist/javassist/3.22.0-CR2/javassist-3.22.0-CR2.jar:/Users/jasontriche/.m2/repository/antlr/antlr/2.7.7/antlr-2.7.7.jar:/Users/jasontriche/.m2/repository/org/jboss/jandex/2.0.3.Final/jandex-2.0.3.Final.jar:/Users/jasontriche/.m2/repository/com/fasterxml/classmate/1.3.4/classmate-1.3.4.jar:/Users/jasontriche/.m2/repository/dom4j/dom4j/1.6.1/dom4j-1.6.1.jar:/Users/jasontriche/.m2/repository/org/hibernate/common/hibernate-commons-annotations/5.0.1.Final/hibernate-commons-annotations-5.0.1.Final.jar:/Users/jasontriche/.m2/repository/javax/transaction/javax.transaction-api/1.2/javax.transaction-api-1.2.jar:/Users/jasontriche/.m2/repository/org/springframework/data/spring-data-jpa/2.0.1.RELEASE/spring-data-jpa-2.0.1.RELEASE.jar:/Users/jasontriche/.m2/repository/org/springframework/data/spring-data-commons/2.0.1.RELEASE/spring-data-commons-2.0.1.RELEASE.jar:/Users/jasontriche/.m2/repository/org/springframework/spring-orm/5.0.1.RELEASE/spring-orm-5.0.1.RELEASE.jar:/Users/jasontriche/.m2/repository/org/springframework/spring-tx/5.0.1.RELEASE/spring-tx-5.0.1.RELEASE.jar:/Users/jasontriche/.m2/repository/org/slf4j/slf4j-api/1.7.25/slf4j-api-1.7.25.jar:/Users/jasontriche/.m2/repository/org/springframework/spring-aspects/5.0.1.RELEASE/spring-aspects-5.0.1.RELEASE.jar:/Users/jasontriche/.m2/repository/org/springframework/boot/spring-boot-starter-security/2.0.0.M6/spring-boot-starter-security-2.0.0.M6.jar:/Users/jasontriche/.m2/repository/org/springframework/spring-aop/5.0.1.RELEASE/spring-aop-5.0.1.RELEASE.jar:/Users/jasontriche/.m2/repository/org/springframework/security/spring-security-config/5.0.0.RC1/spring-security-config-5.0.0.RC1.jar:/Users/jasontriche/.m2/repository/org/springframework/security/spring-security-web/5.0.0.RC1/spring-security-web-5.0.0.RC1.jar:/Users/jasontriche/.m2/repository/org/springframework/spring-expression/5.0.1.RELEASE/spring-expression-5.0.1.RELEASE.jar:/Users/jasontriche/.m2/repository/org/springframework/session/spring-session-core/2.0.0.RC1/spring-session-core-2.0.0.RC1.jar:/Users/jasontriche/.m2/repository/org/springframework/spring-jcl/5.0.1.RELEASE/spring-jcl-5.0.1.RELEASE.jar:/Users/jasontriche/.m2/repository/org/springframework/boot/spring-boot-starter-social-linkedin/2.0.0.M6/spring-boot-starter-social-linkedin-2.0.0.M6.jar:/Users/jasontriche/.m2/repository/org/springframework/social/spring-social-config/2.0.0.M4/spring-social-config-2.0.0.M4.jar:/Users/jasontriche/.m2/repository/org/springframework/social/spring-social-core/2.0.0.M4/spring-social-core-2.0.0.M4.jar:/Users/jasontriche/.m2/repository/org/springframework/social/spring-social-web/2.0.0.M4/spring-social-web-2.0.0.M4.jar:/Users/jasontriche/.m2/repository/javax/inject/javax.inject/1/javax.inject-1.jar:/Users/jasontriche/.m2/repository/org/springframework/social/spring-social-linkedin/2.0.0.M3/spring-social-linkedin-2.0.0.M3.jar:/Users/jasontriche/.m2/repository/com/fasterxml/jackson/core/jackson-core/2.9.2/jackson-core-2.9.2.jar:/Users/jasontriche/.m2/repository/com/fasterxml/jackson/core/jackson-databind/2.9.2/jackson-databind-2.9.2.jar:/Users/jasontriche/.m2/repository/com/fasterxml/jackson/core/jackson-annotations/2.9.0/jackson-annotations-2.9.0.jar:/Users/jasontriche/.m2/repository/org/springframework/boot/spring-boot-starter-web/2.0.0.M6/spring-boot-starter-web-2.0.0.M6.jar:/Users/jasontriche/.m2/repository/org/springframework/boot/spring-boot-starter-json/2.0.0.M6/spring-boot-starter-json-2.0.0.M6.jar:/Users/jasontriche/.m2/repository/com/fasterxml/jackson/datatype/jackson-datatype-jdk8/2.9.2/jackson-datatype-jdk8-2.9.2.jar:/Users/jasontriche/.m2/repository/com/fasterxml/jackson/datatype/jackson-datatype-jsr310/2.9.2/jackson-datatype-jsr310-2.9.2.jar:/Users/jasontriche/.m2/repository/com/fasterxml/jackson/module/jackson-module-parameter-names/2.9.2/jackson-module-parameter-names-2.9.2.jar:/Users/jasontriche/.m2/repository/com/fasterxml/jackson/module/jackson-module-kotlin/2.9.2/jackson-module-kotlin-2.9.2.jar:/Users/jasontriche/.m2/repository/org/springframework/boot/spring-boot-starter-tomcat/2.0.0.M6/spring-boot-starter-tomcat-2.0.0.M6.jar:/Users/jasontriche/.m2/repository/org/apache/tomcat/embed/tomcat-embed-core/8.5.23/tomcat-embed-core-8.5.23.jar:/Users/jasontriche/.m2/repository/org/apache/tomcat/tomcat-annotations-api/8.5.23/tomcat-annotations-api-8.5.23.jar:/Users/jasontriche/.m2/repository/org/apache/tomcat/embed/tomcat-embed-el/8.5.23/tomcat-embed-el-8.5.23.jar:/Users/jasontriche/.m2/repository/org/apache/tomcat/embed/tomcat-embed-websocket/8.5.23/tomcat-embed-websocket-8.5.23.jar:/Users/jasontriche/.m2/repository/org/hibernate/validator/hibernate-validator/6.0.4.Final/hibernate-validator-6.0.4.Final.jar:/Users/jasontriche/.m2/repository/javax/validation/validation-api/2.0.0.Final/validation-api-2.0.0.Final.jar:/Users/jasontriche/.m2/repository/org/springframework/spring-web/5.0.1.RELEASE/spring-web-5.0.1.RELEASE.jar:/Users/jasontriche/.m2/repository/org/springframework/spring-webmvc/5.0.1.RELEASE/spring-webmvc-5.0.1.RELEASE.jar:/Users/jasontriche/.m2/repository/mysql/mysql-connector-java/5.1.44/mysql-connector-java-5.1.44.jar:"/>
    <property name="java.vm.vendor" value="Oracle Corporation"/>
    <property name="sun.arch.data.model" value="64"/>
    <property name="java.vendor.url" value="http://java.oracle.com/"/>
    <property name="user.timezone" value=""/>
    <property name="java.vm.specification.version" value="1.8"/>
    <property name="os.name" value="Mac OS X"/>
    <property name="user.country" value="US"/>
    <property name="sun.java.launcher" value="SUN_STANDARD"/>
    <property name="sun.boot.library.path" value="/Library/Java/JavaVirtualMachines/jdk1.8.0_71.jdk/Contents/Home/jre/lib"/>
    <property name="sun.java.command" value="/Users/jasontriche/Dropbox/springRest/target/surefire/surefirebooter857651830921725655.jar /Users/jasontriche/Dropbox/springRest/target/surefire 2017-11-21T11-59-37_502-jvmRun1 surefire7671400596437774298tmp surefire_0892996700500642395tmp"/>
    <property name="http.nonProxyHosts" value="local|*.local|169.254/16|*.169.254/16"/>
    <property name="surefire.test.class.path" value="/Users/jasontriche/Dropbox/springRest/target/test-classes:/Users/jasontriche/Dropbox/springRest/target/classes:/Users/jasontriche/.m2/repository/org/springframework/cloud/spring-cloud-starter-oauth2/2.0.0.M1/spring-cloud-starter-oauth2-2.0.0.M1.jar:/Users/jasontriche/.m2/repository/org/springframework/cloud/spring-cloud-starter-security/2.0.0.M1/spring-cloud-starter-security-2.0.0.M1.jar:/Users/jasontriche/.m2/repository/org/springframework/cloud/spring-cloud-starter/2.0.0.M4/spring-cloud-starter-2.0.0.M4.jar:/Users/jasontriche/.m2/repository/org/springframework/cloud/spring-cloud-context/2.0.0.M4/spring-cloud-context-2.0.0.M4.jar:/Users/jasontriche/.m2/repository/org/springframework/security/spring-security-crypto/5.0.0.RC1/spring-security-crypto-5.0.0.RC1.jar:/Users/jasontriche/.m2/repository/org/springframework/cloud/spring-cloud-commons/2.0.0.M4/spring-cloud-commons-2.0.0.M4.jar:/Users/jasontriche/.m2/repository/org/apache/httpcomponents/httpclient/4.5.3/httpclient-4.5.3.jar:/Users/jasontriche/.m2/repository/org/apache/httpcomponents/httpcore/4.4.8/httpcore-4.4.8.jar:/Users/jasontriche/.m2/repository/org/springframework/security/spring-security-rsa/1.0.5.RELEASE/spring-security-rsa-1.0.5.RELEASE.jar:/Users/jasontriche/.m2/repository/org/springframework/boot/spring-boot-starter-actuator/2.0.0.M6/spring-boot-starter-actuator-2.0.0.M6.jar:/Users/jasontriche/.m2/repository/org/springframework/boot/spring-boot-actuator-autoconfigure/2.0.0.M6/spring-boot-actuator-autoconfigure-2.0.0.M6.jar:/Users/jasontriche/.m2/repository/org/springframework/boot/spring-boot-actuator/2.0.0.M6/spring-boot-actuator-2.0.0.M6.jar:/Users/jasontriche/.m2/repository/io/micrometer/micrometer-core/1.0.0-rc.3/micrometer-core-1.0.0-rc.3.jar:/Users/jasontriche/.m2/repository/org/hdrhistogram/HdrHistogram/2.1.10/HdrHistogram-2.1.10.jar:/Users/jasontriche/.m2/repository/org/latencyutils/LatencyUtils/2.0.3/LatencyUtils-2.0.3.jar:/Users/jasontriche/.m2/repository/org/springframework/cloud/spring-cloud-security/2.0.0.M1/spring-cloud-security-2.0.0.M1.jar:/Users/jasontriche/.m2/repository/org/springframework/security/oauth/spring-security-oauth2/2.1.1.RELEASE/spring-security-oauth2-2.1.1.RELEASE.jar:/Users/jasontriche/.m2/repository/org/springframework/spring-beans/5.0.1.RELEASE/spring-beans-5.0.1.RELEASE.jar:/Users/jasontriche/.m2/repository/org/springframework/spring-core/5.0.1.RELEASE/spring-core-5.0.1.RELEASE.jar:/Users/jasontriche/.m2/repository/org/springframework/spring-context/5.0.1.RELEASE/spring-context-5.0.1.RELEASE.jar:/Users/jasontriche/.m2/repository/org/springframework/security/spring-security-core/5.0.0.RC1/spring-security-core-5.0.0.RC1.jar:/Users/jasontriche/.m2/repository/commons-codec/commons-codec/1.11/commons-codec-1.11.jar:/Users/jasontriche/.m2/repository/org/codehaus/jackson/jackson-mapper-asl/1.9.13/jackson-mapper-asl-1.9.13.jar:/Users/jasontriche/.m2/repository/org/codehaus/jackson/jackson-core-asl/1.9.13/jackson-core-asl-1.9.13.jar:/Users/jasontriche/.m2/repository/org/springframework/security/spring-security-jwt/1.0.8.RELEASE/spring-security-jwt-1.0.8.RELEASE.jar:/Users/jasontriche/.m2/repository/org/bouncycastle/bcpkix-jdk15on/1.56/bcpkix-jdk15on-1.56.jar:/Users/jasontriche/.m2/repository/org/bouncycastle/bcprov-jdk15on/1.56/bcprov-jdk15on-1.56.jar:/Users/jasontriche/.m2/repository/org/springframework/boot/spring-boot-starter-data-jpa/2.0.0.M6/spring-boot-starter-data-jpa-2.0.0.M6.jar:/Users/jasontriche/.m2/repository/org/springframework/boot/spring-boot-starter/2.0.0.M6/spring-boot-starter-2.0.0.M6.jar:/Users/jasontriche/.m2/repository/org/springframework/boot/spring-boot/2.0.0.M6/spring-boot-2.0.0.M6.jar:/Users/jasontriche/.m2/repository/org/springframework/boot/spring-boot-autoconfigure/2.0.0.M6/spring-boot-autoconfigure-2.0.0.M6.jar:/Users/jasontriche/.m2/repository/org/springframework/boot/spring-boot-starter-logging/2.0.0.M6/spring-boot-starter-logging-2.0.0.M6.jar:/Users/jasontriche/.m2/repository/ch/qos/logback/logback-classic/1.2.3/logback-classic-1.2.3.jar:/Users/jasontriche/.m2/repository/ch/qos/logback/logback-core/1.2.3/logback-core-1.2.3.jar:/Users/jasontriche/.m2/repository/org/apache/logging/log4j/log4j-to-slf4j/2.9.1/log4j-to-slf4j-2.9.1.jar:/Users/jasontriche/.m2/repository/org/apache/logging/log4j/log4j-api/2.9.1/log4j-api-2.9.1.jar:/Users/jasontriche/.m2/repository/org/slf4j/jul-to-slf4j/1.7.25/jul-to-slf4j-1.7.25.jar:/Users/jasontriche/.m2/repository/org/slf4j/log4j-over-slf4j/1.7.25/log4j-over-slf4j-1.7.25.jar:/Users/jasontriche/.m2/repository/javax/annotation/javax.annotation-api/1.3.1/javax.annotation-api-1.3.1.jar:/Users/jasontriche/.m2/repository/org/yaml/snakeyaml/1.19/snakeyaml-1.19.jar:/Users/jasontriche/.m2/repository/org/springframework/boot/spring-boot-starter-aop/2.0.0.M6/spring-boot-starter-aop-2.0.0.M6.jar:/Users/jasontriche/.m2/repository/org/aspectj/aspectjweaver/1.8.12/aspectjweaver-1.8.12.jar:/Users/jasontriche/.m2/repository/org/springframework/boot/spring-boot-starter-jdbc/2.0.0.M6/spring-boot-starter-jdbc-2.0.0.M6.jar:/Users/jasontriche/.m2/repository/com/zaxxer/HikariCP/2.7.2/HikariCP-2.7.2.jar:/Users/jasontriche/.m2/repository/org/springframework/spring-jdbc/5.0.1.RELEASE/spring-jdbc-5.0.1.RELEASE.jar:/Users/jasontriche/.m2/repository/org/hibernate/hibernate-core/5.2.12.Final/hibernate-core-5.2.12.Final.jar:/Users/jasontriche/.m2/repository/org/jboss/logging/jboss-logging/3.3.1.Final/jboss-logging-3.3.1.Final.jar:/Users/jasontriche/.m2/repository/org/hibernate/javax/persistence/hibernate-jpa-2.1-api/1.0.0.Final/hibernate-jpa-2.1-api-1.0.0.Final.jar:/Users/jasontriche/.m2/repository/org/javassist/javassist/3.22.0-CR2/javassist-3.22.0-CR2.jar:/Users/jasontriche/.m2/repository/antlr/antlr/2.7.7/antlr-2.7.7.jar:/Users/jasontriche/.m2/repository/org/jboss/jandex/2.0.3.Final/jandex-2.0.3.Final.jar:/Users/jasontriche/.m2/repository/com/fasterxml/classmate/1.3.4/classmate-1.3.4.jar:/Users/jasontriche/.m2/repository/dom4j/dom4j/1.6.1/dom4j-1.6.1.jar:/Users/jasontriche/.m2/repository/org/hibernate/common/hibernate-commons-annotations/5.0.1.Final/hibernate-commons-annotations-5.0.1.Final.jar:/Users/jasontriche/.m2/repository/javax/transaction/javax.transaction-api/1.2/javax.transaction-api-1.2.jar:/Users/jasontriche/.m2/repository/org/springframework/data/spring-data-jpa/2.0.1.RELEASE/spring-data-jpa-2.0.1.RELEASE.jar:/Users/jasontriche/.m2/repository/org/springframework/data/spring-data-commons/2.0.1.RELEASE/spring-data-commons-2.0.1.RELEASE.jar:/Users/jasontriche/.m2/repository/org/springframework/spring-orm/5.0.1.RELEASE/spring-orm-5.0.1.RELEASE.jar:/Users/jasontriche/.m2/repository/org/springframework/spring-tx/5.0.1.RELEASE/spring-tx-5.0.1.RELEASE.jar:/Users/jasontriche/.m2/repository/org/slf4j/slf4j-api/1.7.25/slf4j-api-1.7.25.jar:/Users/jasontriche/.m2/repository/org/springframework/spring-aspects/5.0.1.RELEASE/spring-aspects-5.0.1.RELEASE.jar:/Users/jasontriche/.m2/repository/org/springframework/boot/spring-boot-starter-security/2.0.0.M6/spring-boot-starter-security-2.0.0.M6.jar:/Users/jasontriche/.m2/repository/org/springframework/spring-aop/5.0.1.RELEASE/spring-aop-5.0.1.RELEASE.jar:/Users/jasontriche/.m2/repository/org/springframework/security/spring-security-config/5.0.0.RC1/spring-security-config-5.0.0.RC1.jar:/Users/jasontriche/.m2/repository/org/springframework/security/spring-security-web/5.0.0.RC1/spring-security-web-5.0.0.RC1.jar:/Users/jasontriche/.m2/repository/org/springframework/spring-expression/5.0.1.RELEASE/spring-expression-5.0.1.RELEASE.jar:/Users/jasontriche/.m2/repository/org/springframework/session/spring-session-core/2.0.0.RC1/spring-session-core-2.0.0.RC1.jar:/Users/jasontriche/.m2/repository/org/springframework/spring-jcl/5.0.1.RELEASE/spring-jcl-5.0.1.RELEASE.jar:/Users/jasontriche/.m2/repository/org/springframework/boot/spring-boot-starter-social-linkedin/2.0.0.M6/spring-boot-starter-social-linkedin-2.0.0.M6.jar:/Users/jasontriche/.m2/repository/org/springframework/social/spring-social-config/2.0.0.M4/spring-social-config-2.0.0.M4.jar:/Users/jasontriche/.m2/repository/org/springframework/social/spring-social-core/2.0.0.M4/spring-social-core-2.0.0.M4.jar:/Users/jasontriche/.m2/repository/org/springframework/social/spring-social-web/2.0.0.M4/spring-social-web-2.0.0.M4.jar:/Users/jasontriche/.m2/repository/javax/inject/javax.inject/1/javax.inject-1.jar:/Users/jasontriche/.m2/repository/org/springframework/social/spring-social-linkedin/2.0.0.M3/spring-social-linkedin-2.0.0.M3.jar:/Users/jasontriche/.m2/repository/com/fasterxml/jackson/core/jackson-core/2.9.2/jackson-core-2.9.2.jar:/Users/jasontriche/.m2/repository/com/fasterxml/jackson/core/jackson-databind/2.9.2/jackson-databind-2.9.2.jar:/Users/jasontriche/.m2/repository/com/fasterxml/jackson/core/jackson-annotations/2.9.0/jackson-annotations-2.9.0.jar:/Users/jasontriche/.m2/repository/org/springframework/boot/spring-boot-starter-web/2.0.0.M6/spring-boot-starter-web-2.0.0.M6.jar:/Users/jasontriche/.m2/repository/org/springframework/boot/spring-boot-starter-json/2.0.0.M6/spring-boot-starter-json-2.0.0.M6.jar:/Users/jasontriche/.m2/repository/com/fasterxml/jackson/datatype/jackson-datatype-jdk8/2.9.2/jackson-datatype-jdk8-2.9.2.jar:/Users/jasontriche/.m2/repository/com/fasterxml/jackson/datatype/jackson-datatype-jsr310/2.9.2/jackson-datatype-jsr310-2.9.2.jar:/Users/jasontriche/.m2/repository/com/fasterxml/jackson/module/jackson-module-parameter-names/2.9.2/jackson-module-parameter-names-2.9.2.jar:/Users/jasontriche/.m2/repository/com/fasterxml/jackson/module/jackson-module-kotlin/2.9.2/jackson-module-kotlin-2.9.2.jar:/Users/jasontriche/.m2/repository/org/springframework/boot/spring-boot-starter-tomcat/2.0.0.M6/spring-boot-starter-tomcat-2.0.0.M6.jar:/Users/jasontriche/.m2/repository/org/apache/tomcat/embed/tomcat-embed-core/8.5.23/tomcat-embed-core-8.5.23.jar:/Users/jasontriche/.m2/repository/org/apache/tomcat/tomcat-annotations-api/8.5.23/tomcat-annotations-api-8.5.23.jar:/Users/jasontriche/.m2/repository/org/apache/tomcat/embed/tomcat-embed-el/8.5.23/tomcat-embed-el-8.5.23.jar:/Users/jasontriche/.m2/repository/org/apache/tomcat/embed/tomcat-embed-websocket/8.5.23/tomcat-embed-websocket-8.5.23.jar:/Users/jasontriche/.m2/repository/org/hibernate/validator/hibernate-validator/6.0.4.Final/hibernate-validator-6.0.4.Final.jar:/Users/jasontriche/.m2/repository/javax/validation/validation-api/2.0.0.Final/validation-api-2.0.0.Final.jar:/Users/jasontriche/.m2/repository/org/springframework/spring-web/5.0.1.RELEASE/spring-web-5.0.1.RELEASE.jar:/Users/jasontriche/.m2/repository/org/springframework/spring-webmvc/5.0.1.RELEASE/spring-webmvc-5.0.1.RELEASE.jar:/Users/jasontriche/.m2/repository/mysql/mysql-connector-java/5.1.44/mysql-connector-java-5.1.44.jar:"/>
    <property name="sun.cpu.endian" value="little"/>
    <property name="user.home" value="/Users/jasontriche"/>
    <property name="user.language" value="en"/>
    <property name="java.specification.vendor" value="Oracle Corporation"/>
    <property name="java.home" value="/Library/Java/JavaVirtualMachines/jdk1.8.0_71.jdk/Contents/Home/jre"/>
    <property name="basedir" value="/Users/jasontriche/Dropbox/springRest"/>
    <property name="file.separator" value="/"/>
    <property name="line.separator" value="&#10;"/>
    <property name="java.vm.specification.vendor" value="Oracle Corporation"/>
    <property name="java.specification.name" value="Java Platform API Specification"/>
    <property name="java.awt.graphicsenv" value="sun.awt.CGraphicsEnvironment"/>
    <property name="surefire.real.class.path" value="/Users/jasontriche/Dropbox/springRest/target/surefire/surefirebooter857651830921725655.jar"/>
    <property name="sun.boot.class.path" value="/Library/Java/JavaVirtualMachines/jdk1.8.0_71.jdk/Contents/Home/jre/lib/resources.jar:/Library/Java/JavaVirtualMachines/jdk1.8.0_71.jdk/Contents/Home/jre/lib/rt.jar:/Library/Java/JavaVirtualMachines/jdk1.8.0_71.jdk/Contents/Home/jre/lib/sunrsasign.jar:/Library/Java/JavaVirtualMachines/jdk1.8.0_71.jdk/Contents/Home/jre/lib/jsse.jar:/Library/Java/JavaVirtualMachines/jdk1.8.0_71.jdk/Contents/Home/jre/lib/jce.jar:/Library/Java/JavaVirtualMachines/jdk1.8.0_71.jdk/Contents/Home/jre/lib/charsets.jar:/Library/Java/JavaVirtualMachines/jdk1.8.0_71.jdk/Contents/Home/jre/lib/jfr.jar:/Library/Java/JavaVirtualMachines/jdk1.8.0_71.jdk/Contents/Home/jre/classes"/>
    <property name="sun.management.compiler" value="HotSpot 64-Bit Tiered Compilers"/>
    <property name="ftp.nonProxyHosts" value="local|*.local|169.254/16|*.169.254/16"/>
    <property name="java.runtime.version" value="1.8.0_71-b15"/>
    <property name="user.name" value="jasontriche"/>
    <property name="path.separator" value=":"/>
    <property name="os.version" value="10.13.1"/>
    <property name="java.endorsed.dirs" value="/Library/Java/JavaVirtualMachines/jdk1.8.0_71.jdk/Contents/Home/jre/lib/endorsed"/>
    <property name="java.runtime.name" value="Java(TM) SE Runtime Environment"/>
    <property name="file.encoding" value="UTF-8"/>
    <property name="java.vm.name" value="Java HotSpot(TM) 64-Bit Server VM"/>
    <property name="localRepository" value="/Users/jasontriche/.m2/repository"/>
    <property name="java.vendor.url.bug" value="http://bugreport.sun.com/bugreport/"/>
    <property name="java.io.tmpdir" value="/var/folders/yc/w6rvnsq91k7f_h_882wnflg40000gn/T/"/>
    <property name="java.version" value="1.8.0_71"/>
    <property name="user.dir" value="/Users/jasontriche/Dropbox/springRest"/>
    <property name="os.arch" value="x86_64"/>
    <property name="java.vm.specification.name" value="Java Virtual Machine Specification"/>
    <property name="java.awt.printerjob" value="sun.lwawt.macosx.CPrinterJob"/>
    <property name="sun.os.patch.level" value="unknown"/>
    <property name="java.library.path" value="/Users/jasontriche/Library/Java/Extensions:/Library/Java/Extensions:/Network/Library/Java/Extensions:/System/Library/Java/Extensions:/usr/lib/java:."/>
    <property name="java.vm.info" value="mixed mode"/>
    <property name="java.vendor" value="Oracle Corporation"/>
    <property name="java.vm.version" value="25.71-b15"/>
    <property name="java.ext.dirs" value="/Users/jasontriche/Library/Java/Extensions:/Library/Java/JavaVirtualMachines/jdk1.8.0_71.jdk/Contents/Home/jre/lib/ext:/Library/Java/Extensions:/Network/Library/Java/Extensions:/System/Library/Java/Extensions:/usr/lib/java"/>
    <property name="sun.io.unicode.encoding" value="UnicodeBig"/>
    <property name="java.class.version" value="52.0"/>
    <property name="socksNonProxyHosts" value="local|*.local|169.254/16|*.169.254/16"/>
  </properties>
</testsuite>